# JRE version: OpenJDK Runtime Environment (11.0.11+9) (build 11.0.11+9-Ubuntu-0ubuntu2.20.04)
# Java VM: OpenJDK 64-Bit Server VM (11.0.11+9-Ubuntu-0ubuntu2.20.04, mixed mode, sharing, tiered, compressed oops, g1 gc, linux-amd64)
Heap:
 garbage-first heap   total 87040K, used 50299K [0x00000000c2800000, 0x0000000100000000)
  region size 1024K, 46 young (47104K), 5 survivors (5120K)
 Metaspace       used 27675K, capacity 28660K, committed 29056K, reserved 1075200K
  class space    used 3451K, capacity 3845K, committed 3968K, reserved 1048576K
GC Heap History (16 events):
Event: 0.293 GC heap before
{Heap before GC invocations=0 (full 0):
 garbage-first heap   total 65536K, used 14024K [0x00000000c2800000, 0x0000000100000000)
  region size 1024K, 14 young (14336K), 0 survivors (0K)
 Metaspace       used 2679K, capacity 5473K, committed 5760K, reserved 1056768K
  class space    used 270K, capacity 529K, committed 640K, reserved 1048576K
}
Event: 0.300 GC heap after
{Heap after GC invocations=1 (full 0):
 garbage-first heap   total 65536K, used 2609K [0x00000000c2800000, 0x0000000100000000)
  region size 1024K, 2 young (2048K), 2 survivors (2048K)
 Metaspace       used 2679K, capacity 5473K, committed 5760K, reserved 1056768K
  class space    used 270K, capacity 529K, committed 640K, reserved 1048576K
}
Event: 0.611 GC heap before
{Heap before GC invocations=1 (full 0):
 garbage-first heap   total 65536K, used 38449K [0x00000000c2800000, 0x0000000100000000)
  region size 1024K, 37 young (37888K), 2 survivors (2048K)
 Metaspace       used 6385K, capacity 8109K, committed 8448K, reserved 1056768K
  class space    used 749K, capacity 950K, committed 1024K, reserved 1048576K
}
Event: 0.620 GC heap after
{Heap after GC invocations=2 (full 0):
 garbage-first heap   total 65536K, used 3950K [0x00000000c2800000, 0x0000000100000000)
  region size 1024K, 4 young (4096K), 4 survivors (4096K)
 Metaspace       used 6385K, capacity 8109K, committed 8448K, reserved 1056768K
  class space    used 749K, capacity 950K, committed 1024K, reserved 1048576K
}
Event: 0.972 GC heap before
{Heap before GC invocations=2 (full 0):
 garbage-first heap   total 65536K, used 37742K [0x00000000c2800000, 0x0000000100000000)
  region size 1024K, 37 young (37888K), 4 survivors (4096K)
 Metaspace       used 10851K, capacity 11708K, committed 11904K, reserved 1058816K
  class space    used 1367K, capacity 1562K, committed 1664K, reserved 1048576K
}
Event: 0.980 GC heap after
{Heap after GC invocations=3 (full 0):
 garbage-first heap   total 65536K, used 5009K [0x00000000c2800000, 0x0000000100000000)
  region size 1024K, 3 young (3072K), 3 survivors (3072K)
 Metaspace       used 10851K, capacity 11708K, committed 11904K, reserved 1058816K
  class space    used 1367K, capacity 1562K, committed 1664K, reserved 1048576K
}
Event: 1.148 GC heap before
{Heap before GC invocations=3 (full 0):
 garbage-first heap   total 65536K, used 38801K [0x00000000c2800000, 0x0000000100000000)
  region size 1024K, 37 young (37888K), 3 survivors (3072K)
 Metaspace       used 14899K, capacity 15545K, committed 15744K, reserved 1062912K
  class space    used 1833K, capacity 2057K, committed 2176K, reserved 1048576K
}
Event: 1.152 GC heap after
{Heap after GC invocations=4 (full 0):
 garbage-first heap   total 65536K, used 5561K [0x00000000c2800000, 0x0000000100000000)
  region size 1024K, 3 young (3072K), 3 survivors (3072K)
 Metaspace       used 14899K, capacity 15545K, committed 15744K, reserved 1062912K
  class space    used 1833K, capacity 2057K, committed 2176K, reserved 1048576K
}
Event: 1.327 GC heap before
{Heap before GC invocations=4 (full 0):
 garbage-first heap   total 65536K, used 40377K [0x00000000c2800000, 0x0000000100000000)
  region size 1024K, 37 young (37888K), 3 survivors (3072K)
 Metaspace       used 16909K, capacity 17558K, committed 17792K, reserved 1064960K
  class space    used 2105K, capacity 2341K, committed 2432K, reserved 1048576K
}
Event: 1.333 GC heap after
{Heap after GC invocations=5 (full 0):
 garbage-first heap   total 87040K, used 6289K [0x00000000c2800000, 0x0000000100000000)
  region size 1024K, 3 young (3072K), 3 survivors (3072K)
 Metaspace       used 16909K, capacity 17558K, committed 17792K, reserved 1064960K
  class space    used 2105K, capacity 2341K, committed 2432K, reserved 1048576K
}
Event: 1.757 GC heap before
{Heap before GC invocations=5 (full 0):
 garbage-first heap   total 87040K, used 52369K [0x00000000c2800000, 0x0000000100000000)
  region size 1024K, 48 young (49152K), 3 survivors (3072K)
 Metaspace       used 19474K, capacity 20229K, committed 20480K, reserved 1067008K
  class space    used 2413K, capacity 2689K, committed 2816K, reserved 1048576K
}
Event: 1.761 GC heap after
{Heap after GC invocations=6 (full 0):
 garbage-first heap   total 87040K, used 7495K [0x00000000c2800000, 0x0000000100000000)
  region size 1024K, 4 young (4096K), 4 survivors (4096K)
 Metaspace       used 19474K, capacity 20229K, committed 20480K, reserved 1067008K
  class space    used 2413K, capacity 2689K, committed 2816K, reserved 1048576K
}
Event: 1.926 GC heap before
{Heap before GC invocations=6 (full 0):
 garbage-first heap   total 87040K, used 20807K [0x00000000c2800000, 0x0000000100000000)
  region size 1024K, 18 young (18432K), 4 survivors (4096K)
 Metaspace       used 20370K, capacity 21139K, committed 21248K, reserved 1067008K
  class space    used 2524K, capacity 2799K, committed 2816K, reserved 1048576K
}
Event: 1.932 GC heap after
{Heap after GC invocations=7 (full 0):
 garbage-first heap   total 87040K, used 8030K [0x00000000c2800000, 0x0000000100000000)
  region size 1024K, 4 young (4096K), 4 survivors (4096K)
 Metaspace       used 20370K, capacity 21139K, committed 21248K, reserved 1067008K
  class space    used 2524K, capacity 2799K, committed 2816K, reserved 1048576K
}
Event: 2.235 GC heap before
{Heap before GC invocations=8 (full 0):
 garbage-first heap   total 87040K, used 50014K [0x00000000c2800000, 0x0000000100000000)
  region size 1024K, 45 young (46080K), 4 survivors (4096K)
 Metaspace       used 23292K, capacity 24247K, committed 24320K, reserved 1071104K
  class space    used 2948K, capacity 3302K, committed 3328K, reserved 1048576K
}
Event: 2.243 GC heap after
{Heap after GC invocations=9 (full 0):
 garbage-first heap   total 87040K, used 9339K [0x00000000c2800000, 0x0000000100000000)
  region size 1024K, 5 young (5120K), 5 survivors (5120K)
 Metaspace       used 23292K, capacity 24247K, committed 24320K, reserved 1071104K
  class space    used 2948K, capacity 3302K, committed 3328K, reserved 1048576K
}

