# JRE version: OpenJDK Runtime Environment (11.0.11+9) (build 11.0.11+9-Ubuntu-0ubuntu2.20.04)
# Java VM: OpenJDK 64-Bit Server VM (11.0.11+9-Ubuntu-0ubuntu2.20.04, mixed mode, sharing, tiered, compressed oops, g1 gc, linux-amd64)
Heap:
 garbage-first heap   total 264192K, used 76488K [0x00000000e0000000, 0x0000000100000000)
  region size 1024K, 75 young (76800K), 7 survivors (7168K)
 Metaspace       used 27715K, capacity 28664K, committed 29056K, reserved 1075200K
  class space    used 3457K, capacity 3848K, committed 3968K, reserved 1048576K
GC Heap History (6 events):
Event: 0.295 GC heap before
{Heap before GC invocations=0 (full 0):
 garbage-first heap   total 264192K, used 14024K [0x00000000e0000000, 0x0000000100000000)
  region size 1024K, 14 young (14336K), 0 survivors (0K)
 Metaspace       used 2702K, capacity 5473K, committed 5760K, reserved 1056768K
  class space    used 271K, capacity 529K, committed 640K, reserved 1048576K
}
Event: 0.301 GC heap after
{Heap after GC invocations=1 (full 0):
 garbage-first heap   total 264192K, used 2602K [0x00000000e0000000, 0x0000000100000000)
  region size 1024K, 2 young (2048K), 2 survivors (2048K)
 Metaspace       used 2702K, capacity 5473K, committed 5760K, reserved 1056768K
  class space    used 271K, capacity 529K, committed 640K, reserved 1048576K
}
Event: 1.593 GC heap before
{Heap before GC invocations=1 (full 0):
 garbage-first heap   total 264192K, used 157226K [0x00000000e0000000, 0x0000000100000000)
  region size 1024K, 153 young (156672K), 2 survivors (2048K)
 Metaspace       used 18043K, capacity 18768K, committed 18944K, reserved 1064960K
  class space    used 2242K, capacity 2526K, committed 2560K, reserved 1048576K
}
Event: 1.610 GC heap after
{Heap after GC invocations=2 (full 0):
 garbage-first heap   total 264192K, used 7410K [0x00000000e0000000, 0x0000000100000000)
  region size 1024K, 7 young (7168K), 7 survivors (7168K)
 Metaspace       used 18043K, capacity 18768K, committed 18944K, reserved 1064960K
  class space    used 2242K, capacity 2526K, committed 2560K, reserved 1048576K
}
Event: 1.932 GC heap before
{Heap before GC invocations=2 (full 0):
 garbage-first heap   total 264192K, used 34034K [0x00000000e0000000, 0x0000000100000000)
  region size 1024K, 34 young (34816K), 7 survivors (7168K)
 Metaspace       used 20353K, capacity 21137K, committed 21248K, reserved 1067008K
  class space    used 2522K, capacity 2799K, committed 2816K, reserved 1048576K
}
Event: 1.944 GC heap after
{Heap after GC invocations=3 (full 0):
 garbage-first heap   total 264192K, used 7880K [0x00000000e0000000, 0x0000000100000000)
  region size 1024K, 7 young (7168K), 7 survivors (7168K)
 Metaspace       used 20353K, capacity 21137K, committed 21248K, reserved 1067008K
  class space    used 2522K, capacity 2799K, committed 2816K, reserved 1048576K
}

