# JRE version: OpenJDK Runtime Environment (11.0.11+9) (build 11.0.11+9-Ubuntu-0ubuntu2.20.04)
# Java VM: OpenJDK 64-Bit Server VM (11.0.11+9-Ubuntu-0ubuntu2.20.04, mixed mode, sharing, tiered, compressed oops, g1 gc, linux-amd64)
Heap:
 garbage-first heap   total 264192K, used 76749K [0x00000000e0000000, 0x0000000100000000)
  region size 1024K, 76 young (77824K), 8 survivors (8192K)
 Metaspace       used 27723K, capacity 28731K, committed 29056K, reserved 1075200K
  class space    used 3452K, capacity 3848K, committed 3968K, reserved 1048576K
GC Heap History (6 events):
Event: 0.332 GC heap before
{Heap before GC invocations=0 (full 0):
 garbage-first heap   total 264192K, used 15048K [0x00000000e0000000, 0x0000000100000000)
  region size 1024K, 14 young (14336K), 0 survivors (0K)
 Metaspace       used 2689K, capacity 5409K, committed 5760K, reserved 1056768K
  class space    used 269K, capacity 529K, committed 640K, reserved 1048576K
}
Event: 0.339 GC heap after
{Heap after GC invocations=1 (full 0):
 garbage-first heap   total 264192K, used 2606K [0x00000000e0000000, 0x0000000100000000)
  region size 1024K, 2 young (2048K), 2 survivors (2048K)
 Metaspace       used 2689K, capacity 5409K, committed 5760K, reserved 1056768K
  class space    used 269K, capacity 529K, committed 640K, reserved 1048576K
}
Event: 1.652 GC heap before
{Heap before GC invocations=1 (full 0):
 garbage-first heap   total 264192K, used 157230K [0x00000000e0000000, 0x0000000100000000)
  region size 1024K, 153 young (156672K), 2 survivors (2048K)
 Metaspace       used 18019K, capacity 18732K, committed 18944K, reserved 1064960K
  class space    used 2238K, capacity 2494K, committed 2560K, reserved 1048576K
}
Event: 1.663 GC heap after
{Heap after GC invocations=2 (full 0):
 garbage-first heap   total 264192K, used 7328K [0x00000000e0000000, 0x0000000100000000)
  region size 1024K, 7 young (7168K), 7 survivors (7168K)
 Metaspace       used 18019K, capacity 18732K, committed 18944K, reserved 1064960K
  class space    used 2238K, capacity 2494K, committed 2560K, reserved 1048576K
}
Event: 2.037 GC heap before
{Heap before GC invocations=2 (full 0):
 garbage-first heap   total 264192K, used 34976K [0x00000000e0000000, 0x0000000100000000)
  region size 1024K, 35 young (35840K), 7 survivors (7168K)
 Metaspace       used 20367K, capacity 21139K, committed 21248K, reserved 1067008K
  class space    used 2523K, capacity 2799K, committed 2816K, reserved 1048576K
}
Event: 2.050 GC heap after
{Heap after GC invocations=3 (full 0):
 garbage-first heap   total 264192K, used 8141K [0x00000000e0000000, 0x0000000100000000)
  region size 1024K, 8 young (8192K), 8 survivors (8192K)
 Metaspace       used 20367K, capacity 21139K, committed 21248K, reserved 1067008K
  class space    used 2523K, capacity 2799K, committed 2816K, reserved 1048576K
}

