# JRE version: OpenJDK Runtime Environment (11.0.11+9) (build 11.0.11+9-Ubuntu-0ubuntu2.20.04)
# Java VM: OpenJDK 64-Bit Server VM (11.0.11+9-Ubuntu-0ubuntu2.20.04, mixed mode, sharing, tiered, compressed oops, g1 gc, linux-amd64)
Heap:
 garbage-first heap   total 102400K, used 37861K [0x00000000c2800000, 0x0000000100000000)
  region size 1024K, 28 young (28672K), 4 survivors (4096K)
 Metaspace       used 28546K, capacity 30087K, committed 30460K, reserved 1075200K
  class space    used 3888K, capacity 4529K, committed 4604K, reserved 1048576K
GC Heap History (10 events):
Event: 0.352 GC heap before
{Heap before GC invocations=0 (full 0):
 garbage-first heap   total 65536K, used 14024K [0x00000000c2800000, 0x0000000100000000)
  region size 1024K, 14 young (14336K), 0 survivors (0K)
 Metaspace       used 3241K, capacity 6377K, committed 6656K, reserved 1056768K
  class space    used 383K, capacity 643K, committed 768K, reserved 1048576K
}
Event: 0.359 GC heap after
{Heap after GC invocations=1 (full 0):
 garbage-first heap   total 65536K, used 4730K [0x00000000c2800000, 0x0000000100000000)
  region size 1024K, 2 young (2048K), 2 survivors (2048K)
 Metaspace       used 3241K, capacity 6377K, committed 6656K, reserved 1056768K
  class space    used 383K, capacity 643K, committed 768K, reserved 1048576K
}
Event: 0.772 GC heap before
{Heap before GC invocations=1 (full 0):
 garbage-first heap   total 65536K, used 39546K [0x00000000c2800000, 0x0000000100000000)
  region size 1024K, 37 young (37888K), 2 survivors (2048K)
 Metaspace       used 10901K, capacity 12762K, committed 13056K, reserved 1060864K
  class space    used 1453K, capacity 1684K, committed 1792K, reserved 1048576K
}
Event: 0.782 GC heap after
{Heap after GC invocations=2 (full 0):
 garbage-first heap   total 65536K, used 6701K [0x00000000c2800000, 0x0000000100000000)
  region size 1024K, 4 young (4096K), 4 survivors (4096K)
 Metaspace       used 10901K, capacity 12762K, committed 13056K, reserved 1060864K
  class space    used 1453K, capacity 1684K, committed 1792K, reserved 1048576K
}
Event: 1.195 GC heap before
{Heap before GC invocations=2 (full 0):
 garbage-first heap   total 65536K, used 40493K [0x00000000c2800000, 0x0000000100000000)
  region size 1024K, 37 young (37888K), 4 survivors (4096K)
 Metaspace       used 14503K, capacity 16297K, committed 16384K, reserved 1062912K
  class space    used 1965K, capacity 2248K, committed 2304K, reserved 1048576K
}
Event: 1.215 GC heap after
{Heap after GC invocations=3 (full 0):
 garbage-first heap   total 65536K, used 8666K [0x00000000c2800000, 0x0000000100000000)
  region size 1024K, 4 young (4096K), 4 survivors (4096K)
 Metaspace       used 14503K, capacity 16297K, committed 16384K, reserved 1062912K
  class space    used 1965K, capacity 2248K, committed 2304K, reserved 1048576K
}
Event: 1.739 GC heap before
{Heap before GC invocations=3 (full 0):
 garbage-first heap   total 65536K, used 41434K [0x00000000c2800000, 0x0000000100000000)
  region size 1024K, 37 young (37888K), 4 survivors (4096K)
 Metaspace       used 20227K, capacity 21200K, committed 21248K, reserved 1067008K
  class space    used 2710K, capacity 3072K, committed 3072K, reserved 1048576K
}
Event: 1.764 GC heap after
{Heap after GC invocations=4 (full 0):
 garbage-first heap   total 65536K, used 11273K [0x00000000c2800000, 0x0000000100000000)
  region size 1024K, 5 young (5120K), 5 survivors (5120K)
 Metaspace       used 20227K, capacity 21200K, committed 21248K, reserved 1067008K
  class space    used 2710K, capacity 3072K, committed 3072K, reserved 1048576K
}
Event: 4.659 GC heap before
{Heap before GC invocations=5 (full 0):
 garbage-first heap   total 65536K, used 44041K [0x00000000c2800000, 0x0000000100000000)
  region size 1024K, 37 young (37888K), 5 survivors (5120K)
 Metaspace       used 23884K, capacity 25159K, committed 25340K, reserved 1071104K
  class space    used 3256K, capacity 3799K, committed 3836K, reserved 1048576K
}
Event: 4.705 GC heap after
{Heap after GC invocations=6 (full 0):
 garbage-first heap   total 102400K, used 14309K [0x00000000c2800000, 0x0000000100000000)
  region size 1024K, 4 young (4096K), 4 survivors (4096K)
 Metaspace       used 23884K, capacity 25159K, committed 25340K, reserved 1071104K
  class space    used 3256K, capacity 3799K, committed 3836K, reserved 1048576K
}

