# JRE version: OpenJDK Runtime Environment (11.0.11+9) (build 11.0.11+9-Ubuntu-0ubuntu2.20.04)
# Java VM: OpenJDK 64-Bit Server VM (11.0.11+9-Ubuntu-0ubuntu2.20.04, mixed mode, sharing, tiered, compressed oops, g1 gc, linux-amd64)
Heap:
 garbage-first heap   total 78848K, used 18500K [0x00000000c2800000, 0x0000000100000000)
  region size 1024K, 4 young (4096K), 1 survivors (1024K)
 Metaspace       used 34254K, capacity 35849K, committed 36216K, reserved 1081344K
  class space    used 4396K, capacity 5041K, committed 5120K, reserved 1048576K
GC Heap History (16 events):
Event: 0.576 GC heap before
{Heap before GC invocations=0 (full 0):
 garbage-first heap   total 65536K, used 14024K [0x00000000c2800000, 0x0000000100000000)
  region size 1024K, 14 young (14336K), 0 survivors (0K)
 Metaspace       used 3468K, capacity 6207K, committed 6272K, reserved 1056768K
  class space    used 372K, capacity 626K, committed 640K, reserved 1048576K
}
Event: 0.584 GC heap after
{Heap after GC invocations=1 (full 0):
 garbage-first heap   total 65536K, used 4952K [0x00000000c2800000, 0x0000000100000000)
  region size 1024K, 2 young (2048K), 2 survivors (2048K)
 Metaspace       used 3468K, capacity 6207K, committed 6272K, reserved 1056768K
  class space    used 372K, capacity 626K, committed 640K, reserved 1048576K
}
Event: 0.800 GC heap before
{Heap before GC invocations=1 (full 0):
 garbage-first heap   total 65536K, used 15192K [0x00000000c2800000, 0x0000000100000000)
  region size 1024K, 12 young (12288K), 2 survivors (2048K)
 Metaspace       used 5891K, capacity 7855K, committed 8192K, reserved 1056768K
  class space    used 705K, capacity 927K, committed 1024K, reserved 1048576K
}
Event: 0.806 GC heap after
{Heap after GC invocations=2 (full 0):
 garbage-first heap   total 65536K, used 5631K [0x00000000c2800000, 0x0000000100000000)
  region size 1024K, 1 young (1024K), 1 survivors (1024K)
 Metaspace       used 5891K, capacity 7855K, committed 8192K, reserved 1056768K
  class space    used 705K, capacity 927K, committed 1024K, reserved 1048576K
}
Event: 1.179 GC heap before
{Heap before GC invocations=2 (full 0):
 garbage-first heap   total 65536K, used 30207K [0x00000000c2800000, 0x0000000100000000)
  region size 1024K, 26 young (26624K), 1 survivors (1024K)
 Metaspace       used 11908K, capacity 12849K, committed 12928K, reserved 1060864K
  class space    used 1450K, capacity 1661K, committed 1664K, reserved 1048576K
}
Event: 1.183 GC heap after
{Heap after GC invocations=3 (full 0):
 garbage-first heap   total 65536K, used 6904K [0x00000000c2800000, 0x0000000100000000)
  region size 1024K, 3 young (3072K), 3 survivors (3072K)
 Metaspace       used 11908K, capacity 12849K, committed 12928K, reserved 1060864K
  class space    used 1450K, capacity 1661K, committed 1664K, reserved 1048576K
}
Event: 1.510 GC heap before
{Heap before GC invocations=3 (full 0):
 garbage-first heap   total 65536K, used 33528K [0x00000000c2800000, 0x0000000100000000)
  region size 1024K, 30 young (30720K), 3 survivors (3072K)
 Metaspace       used 16421K, capacity 17079K, committed 17280K, reserved 1064960K
  class space    used 2045K, capacity 2325K, committed 2432K, reserved 1048576K
}
Event: 1.517 GC heap after
{Heap after GC invocations=4 (full 0):
 garbage-first heap   total 65536K, used 8463K [0x00000000c2800000, 0x0000000100000000)
  region size 1024K, 3 young (3072K), 3 survivors (3072K)
 Metaspace       used 16421K, capacity 17079K, committed 17280K, reserved 1064960K
  class space    used 2045K, capacity 2325K, committed 2432K, reserved 1048576K
}
Event: 1.996 GC heap before
{Heap before GC invocations=4 (full 0):
 garbage-first heap   total 65536K, used 35087K [0x00000000c2800000, 0x0000000100000000)
  region size 1024K, 30 young (30720K), 3 survivors (3072K)
 Metaspace       used 20291K, capacity 21014K, committed 21248K, reserved 1067008K
  class space    used 2515K, capacity 2793K, committed 2816K, reserved 1048576K
}
Event: 2.005 GC heap after
{Heap after GC invocations=5 (full 0):
 garbage-first heap   total 78848K, used 9818K [0x00000000c2800000, 0x0000000100000000)
  region size 1024K, 3 young (3072K), 3 survivors (3072K)
 Metaspace       used 20291K, capacity 21014K, committed 21248K, reserved 1067008K
  class space    used 2515K, capacity 2793K, committed 2816K, reserved 1048576K
}
Event: 5.096 GC heap before
{Heap before GC invocations=6 (full 0):
 garbage-first heap   total 78848K, used 48730K [0x00000000c2800000, 0x0000000100000000)
  region size 1024K, 41 young (41984K), 3 survivors (3072K)
 Metaspace       used 26620K, capacity 27796K, committed 28032K, reserved 1073152K
  class space    used 3347K, capacity 3860K, committed 3968K, reserved 1048576K
}
Event: 5.104 GC heap after
{Heap after GC invocations=7 (full 0):
 garbage-first heap   total 78848K, used 12916K [0x00000000c2800000, 0x0000000100000000)
  region size 1024K, 6 young (6144K), 6 survivors (6144K)
 Metaspace       used 26620K, capacity 27796K, committed 28032K, reserved 1073152K
  class space    used 3347K, capacity 3860K, committed 3968K, reserved 1048576K
}
Event: 5.795 GC heap before
{Heap before GC invocations=7 (full 0):
 garbage-first heap   total 78848K, used 51828K [0x00000000c2800000, 0x0000000100000000)
  region size 1024K, 44 young (45056K), 6 survivors (6144K)
 Metaspace       used 32955K, capacity 34495K, committed 34560K, reserved 1079296K
  class space    used 4236K, capacity 4846K, committed 4864K, reserved 1048576K
}
Event: 5.819 GC heap after
{Heap after GC invocations=8 (full 0):
 garbage-first heap   total 78848K, used 16518K [0x00000000c2800000, 0x0000000100000000)
  region size 1024K, 4 young (4096K), 4 survivors (4096K)
 Metaspace       used 32955K, capacity 34495K, committed 34560K, reserved 1079296K
  class space    used 4236K, capacity 4846K, committed 4864K, reserved 1048576K
}
Event: 30.873 GC heap before
{Heap before GC invocations=8 (full 0):
 garbage-first heap   total 78848K, used 19590K [0x00000000c2800000, 0x0000000100000000)
  region size 1024K, 9 young (9216K), 4 survivors (4096K)
 Metaspace       used 33885K, capacity 35432K, committed 35628K, reserved 1079296K
  class space    used 4344K, capacity 4966K, committed 4992K, reserved 1048576K
}
Event: 30.882 GC heap after
{Heap after GC invocations=9 (full 0):
 garbage-first heap   total 78848K, used 16452K [0x00000000c2800000, 0x0000000100000000)
  region size 1024K, 1 young (1024K), 1 survivors (1024K)
 Metaspace       used 33885K, capacity 35432K, committed 35628K, reserved 1079296K
  class space    used 4344K, capacity 4966K, committed 4992K, reserved 1048576K
}

